c:\users\chuong\documents\c_plus_projects\multimedia_management_assignment\multimediamanagementassignment\x64\debug\vc143.pdb
c:\users\chuong\documents\c_plus_projects\multimedia_management_assignment\multimediamanagementassignment\x64\debug\vc143.idb
c:\users\chuong\documents\c_plus_projects\multimedia_management_assignment\multimediamanagementassignment\x64\debug\stringhelper.obj
c:\users\chuong\documents\c_plus_projects\multimedia_management_assignment\multimediamanagementassignment\x64\debug\namedpipeclient.obj
c:\users\chuong\documents\c_plus_projects\multimedia_management_assignment\multimediamanagementassignment\x64\debug\multimediamanagementassignment.obj
c:\users\chuong\documents\c_plus_projects\multimedia_management_assignment\multimediamanagementassignment\x64\debug\mediafilesmanager.obj
c:\users\chuong\documents\c_plus_projects\multimedia_management_assignment\multimediamanagementassignment\x64\debug\mediafile.obj
c:\users\chuong\documents\c_plus_projects\multimedia_management_assignment\multimediamanagementassignment\x64\debug\functionnumber.obj
c:\users\chuong\documents\c_plus_projects\multimedia_management_assignment\multimediamanagementassignment\x64\debug\filehelper.obj
c:\users\chuong\documents\c_plus_projects\multimedia_management_assignment\multimediamanagementassignment\x64\debug\displaycontroller.obj
c:\users\chuong\documents\c_plus_projects\multimedia_management_assignment\multimediamanagementassignment\x64\debug\copyservice.obj
c:\users\chuong\documents\c_plus_projects\multimedia_management_assignment\multimediamanagementassignment\x64\debug\multimediamanagementassignment.ilk
c:\users\chuong\documents\c_plus_projects\multimedia_management_assignment\x64\debug\multimediamanagementassignment.pdb
c:\users\chuong\documents\c_plus_projects\multimedia_management_assignment\multimediamanagementassignment\x64\debug\multimed.236d15c5.tlog\cl.command.1.tlog
c:\users\chuong\documents\c_plus_projects\multimedia_management_assignment\multimediamanagementassignment\x64\debug\multimed.236d15c5.tlog\cl.items.tlog
c:\users\chuong\documents\c_plus_projects\multimedia_management_assignment\multimediamanagementassignment\x64\debug\multimed.236d15c5.tlog\cl.read.1.tlog
c:\users\chuong\documents\c_plus_projects\multimedia_management_assignment\multimediamanagementassignment\x64\debug\multimed.236d15c5.tlog\cl.write.1.tlog
c:\users\chuong\documents\c_plus_projects\multimedia_management_assignment\multimediamanagementassignment\x64\debug\multimed.236d15c5.tlog\link.20628-cvtres.read.1.tlog
c:\users\chuong\documents\c_plus_projects\multimedia_management_assignment\multimediamanagementassignment\x64\debug\multimed.236d15c5.tlog\link.20628-cvtres.write.1.tlog
c:\users\chuong\documents\c_plus_projects\multimedia_management_assignment\multimediamanagementassignment\x64\debug\multimed.236d15c5.tlog\link.20628-rc.read.1.tlog
c:\users\chuong\documents\c_plus_projects\multimedia_management_assignment\multimediamanagementassignment\x64\debug\multimed.236d15c5.tlog\link.20628-rc.write.1.tlog
c:\users\chuong\documents\c_plus_projects\multimedia_management_assignment\multimediamanagementassignment\x64\debug\multimed.236d15c5.tlog\link.20628.read.1.tlog
c:\users\chuong\documents\c_plus_projects\multimedia_management_assignment\multimediamanagementassignment\x64\debug\multimed.236d15c5.tlog\link.20628.read.2.tlog
c:\users\chuong\documents\c_plus_projects\multimedia_management_assignment\multimediamanagementassignment\x64\debug\multimed.236d15c5.tlog\link.20628.write.1.tlog
c:\users\chuong\documents\c_plus_projects\multimedia_management_assignment\multimediamanagementassignment\x64\debug\multimed.236d15c5.tlog\link.command.1.tlog
c:\users\chuong\documents\c_plus_projects\multimedia_management_assignment\multimediamanagementassignment\x64\debug\multimed.236d15c5.tlog\link.read.1.tlog
c:\users\chuong\documents\c_plus_projects\multimedia_management_assignment\multimediamanagementassignment\x64\debug\multimed.236d15c5.tlog\link.secondary.1.tlog
c:\users\chuong\documents\c_plus_projects\multimedia_management_assignment\multimediamanagementassignment\x64\debug\multimed.236d15c5.tlog\link.write.1.tlog
